2026-04-18 23:40:05 INFO  (LoggingInitialization) Using log config file: jar:file:/nix/store/qq2mn7zc8f3q04nb4s538ykffqk3qbq4-ghidra-12.0.4/lib/ghidra/Ghidra/Framework/Generic/lib/Generic.jar!/generic.log4j.xml  
2026-04-18 23:40:05 INFO  (LoggingInitialization) Using log file: logs/ghidra_export.log  
2026-04-18 23:40:05 INFO  (Preferences) Loading user preferences: /home/ty/.config/ghidra/ghidra_12.0.4_NIX/preferences  
2026-04-18 23:40:05 INFO  (ClassSearcher) Searching for classes...  
2026-04-18 23:40:06 INFO  (ClassSearcher) Class search complete (1145 ms)  
2026-04-18 23:40:06 INFO  (DefaultSSLContextInitializer) Initializing SSL Context  
2026-04-18 23:40:06 INFO  (SecureRandomFactory) Initializing Random Number Generator...  
2026-04-18 23:40:06 INFO  (SecureRandomFactory) Random Number Generator initialization complete: NativePRNGNonBlocking  
2026-04-18 23:40:06 INFO  (DefaultTrustManagerFactory) Trust manager disabled, cacerts have not been set  
2026-04-18 23:40:07 INFO  (AnalyzeHeadless) Headless startup complete (1977 ms)  
2026-04-18 23:40:07 INFO  (ClassSearcher) Class searcher loaded 58 extension points (18 false positives)  
2026-04-18 23:40:07 INFO  (HeadlessAnalyzer) HEADLESS Script Paths:
    /nix/store/qq2mn7zc8f3q04nb4s538ykffqk3qbq4-ghidra-12.0.4/lib/ghidra/Ghidra/Features/Jython/ghidra_scripts
    /nix/store/qq2mn7zc8f3q04nb4s538ykffqk3qbq4-ghidra-12.0.4/lib/ghidra/Ghidra/Processors/PIC/ghidra_scripts
    /nix/store/qq2mn7zc8f3q04nb4s538ykffqk3qbq4-ghidra-12.0.4/lib/ghidra/Ghidra/Processors/Atmel/ghidra_scripts
    /nix/store/qq2mn7zc8f3q04nb4s538ykffqk3qbq4-ghidra-12.0.4/lib/ghidra/Ghidra/Features/SwiftDemangler/ghidra_scripts
    /nix/store/qq2mn7zc8f3q04nb4s538ykffqk3qbq4-ghidra-12.0.4/lib/ghidra/Ghidra/Features/MicrosoftCodeAnalyzer/ghidra_scripts
    /nix/store/qq2mn7zc8f3q04nb4s538ykffqk3qbq4-ghidra-12.0.4/lib/ghidra/Ghidra/Processors/DATA/ghidra_scripts
    /nix/store/qq2mn7zc8f3q04nb4s538ykffqk3qbq4-ghidra-12.0.4/lib/ghidra/Ghidra/Features/GnuDemangler/ghidra_scripts
    /nix/store/qq2mn7zc8f3q04nb4s538ykffqk3qbq4-ghidra-12.0.4/lib/ghidra/Ghidra/Features/SystemEmulation/ghidra_scripts
    /nix/store/qq2mn7zc8f3q04nb4s538ykffqk3qbq4-ghidra-12.0.4/lib/ghidra/Ghidra/Features/WildcardAssembler/ghidra_scripts
    /nix/store/qq2mn7zc8f3q04nb4s538ykffqk3qbq4-ghidra-12.0.4/lib/ghidra/Ghidra/Features/BytePatterns/ghidra_scripts
    /nix/store/qq2mn7zc8f3q04nb4s538ykffqk3qbq4-ghidra-12.0.4/lib/ghidra/Ghidra/Debug/Debugger/ghidra_scripts
    /nix/store/qq2mn7zc8f3q04nb4s538ykffqk3qbq4-ghidra-12.0.4/lib/ghidra/Ghidra/Features/VersionTracking/ghidra_scripts
    /nix/store/qq2mn7zc8f3q04nb4s538ykffqk3qbq4-ghidra-12.0.4/lib/ghidra/Ghidra/Features/Base/ghidra_scripts
    /nix/store/qq2mn7zc8f3q04nb4s538ykffqk3qbq4-ghidra-12.0.4/lib/ghidra/Ghidra/Features/PDB/ghidra_scripts
    /nix/store/qq2mn7zc8f3q04nb4s538ykffqk3qbq4-ghidra-12.0.4/lib/ghidra/Ghidra/Processors/JVM/ghidra_scripts
    /nix/store/qq2mn7zc8f3q04nb4s538ykffqk3qbq4-ghidra-12.0.4/lib/ghidra/Ghidra/Processors/8051/ghidra_scripts
    /home/ty/src/eaw-reverse-engineering/tools/ghidra_scripts
    /nix/store/qq2mn7zc8f3q04nb4s538ykffqk3qbq4-ghidra-12.0.4/lib/ghidra/Ghidra/Features/DecompilerDependent/ghidra_scripts
    /nix/store/qq2mn7zc8f3q04nb4s538ykffqk3qbq4-ghidra-12.0.4/lib/ghidra/Ghidra/Debug/Debugger-rmi-trace/ghidra_scripts
    /nix/store/qq2mn7zc8f3q04nb4s538ykffqk3qbq4-ghidra-12.0.4/lib/ghidra/Ghidra/Features/PyGhidra/ghidra_scripts
    /nix/store/qq2mn7zc8f3q04nb4s538ykffqk3qbq4-ghidra-12.0.4/lib/ghidra/Ghidra/Features/FunctionID/ghidra_scripts
    /nix/store/qq2mn7zc8f3q04nb4s538ykffqk3qbq4-ghidra-12.0.4/lib/ghidra/Ghidra/Features/BSim/ghidra_scripts
    /nix/store/qq2mn7zc8f3q04nb4s538ykffqk3qbq4-ghidra-12.0.4/lib/ghidra/Ghidra/Features/FileFormats/ghidra_scripts
    /nix/store/qq2mn7zc8f3q04nb4s538ykffqk3qbq4-ghidra-12.0.4/lib/ghidra/Ghidra/Features/Decompiler/ghidra_scripts  
2026-04-18 23:40:07 INFO  (HeadlessAnalyzer) HEADLESS: execution starts  
2026-04-18 23:40:07 INFO  (HeadlessAnalyzer) Opening existing project: /tmp/eaw-ghidra/EawProject  
2026-04-18 23:40:07 INFO  (HeadlessProject) Opening project: /tmp/eaw-ghidra/EawProject  
2026-04-18 23:40:08 INFO  (HeadlessAnalyzer) REPORT: Processing project file: /StarWarsG.exe  
2026-04-18 23:40:08 INFO  (HeadlessAnalyzer) ANALYZING all memory and code: /StarWarsG.exe  
2026-04-18 23:40:08 WARN  (NoReturnFunctionAnalyzer) Ignoring leading '_' chars on no-return name '___raise_securityfailure' specified in file: /nix/store/qq2mn7zc8f3q04nb4s538ykffqk3qbq4-ghidra-12.0.4/lib/ghidra/Ghidra/Features/Base/data/PEFunctionsThatDoNotReturn  
2026-04-18 23:40:08 WARN  (NoReturnFunctionAnalyzer) Ignoring leading '_' chars on no-return name '___report_rangecheckfailure' specified in file: /nix/store/qq2mn7zc8f3q04nb4s538ykffqk3qbq4-ghidra-12.0.4/lib/ghidra/Ghidra/Features/Base/data/PEFunctionsThatDoNotReturn  
2026-04-18 23:40:08 DEBUG (SymbolServerService) SymbolServerService: querying Program's Import Location - /home/ty/src/eaw-reverse-engineering/binaries/original for StarWarsG.pdb, 65c2a900-75fc-42e9-93e3-15a5e99c35fb, 1, 0, ???  
2026-04-18 23:40:08 DEBUG (SymbolServerService) SymbolServerService: got 0 results from Program's Import Location - /home/ty/src/eaw-reverse-engineering/binaries/original  
2026-04-18 23:40:08 DEBUG (SymbolServerService) SymbolServerService: found 0 matches  
2026-04-18 23:40:08 INFO  (PdbUniversalAnalyzer) Skipping PDB processing: failed to locate PDB file in configured locations  
2026-04-18 23:40:08 INFO  (PdbUniversalAnalyzer) Use a script to set the PDB file location. I.e.,
    PdbAnalyzer.setPdbFileOption(currentProgram, new File("/path/to/pdb/file.pdb")); or
    PdbUniversalAnalyzer.setPdbFileOption(currentProgram, new File("/path/to/pdb/file.pdb"));
Or set the symbol server search configuration using:    PdbPlugin.saveSymbolServerServiceConfig(...);
 This must be done using a pre-script (prior to analysis).  
2026-04-18 23:42:59 INFO  (PackedDatabaseCache) Packed database cache: /home/ty/.cache/ghidra/packed-db-cache  
2026-04-18 23:42:59 DEBUG (PackedDatabaseCache) Using cached packed database: /nix/store/qq2mn7zc8f3q04nb4s538ykffqk3qbq4-ghidra-12.0.4/lib/ghidra/Ghidra/Features/Base/data/typeinfo/win32/windows_vs12_64.gdt  
2026-04-18 23:43:00 INFO  (ApplyDataArchiveAnalyzer) Applied data type archive: windows_vs12_64  
2026-04-18 23:43:14 INFO  (LoggingInitialization) Using log config file: jar:file:/nix/store/qq2mn7zc8f3q04nb4s538ykffqk3qbq4-ghidra-12.0.4/lib/ghidra/Ghidra/Framework/Generic/lib/Generic.jar!/generic.log4j.xml  
2026-04-18 23:43:14 INFO  (LoggingInitialization) Using log file: logs/ghidra_export.log  
2026-04-18 23:43:14 INFO  (Preferences) Loading user preferences: /home/ty/.config/ghidra/ghidra_12.0.4_NIX/preferences  
2026-04-18 23:43:14 INFO  (ClassSearcher) Searching for classes...  
2026-04-18 23:43:15 INFO  (ClassSearcher) Class search complete (924 ms)  
2026-04-18 23:43:15 INFO  (DefaultSSLContextInitializer) Initializing SSL Context  
2026-04-18 23:43:15 INFO  (SecureRandomFactory) Initializing Random Number Generator...  
2026-04-18 23:43:15 INFO  (SecureRandomFactory) Random Number Generator initialization complete: NativePRNGNonBlocking  
2026-04-18 23:43:15 INFO  (DefaultTrustManagerFactory) Trust manager disabled, cacerts have not been set  
2026-04-18 23:43:15 INFO  (AnalyzeHeadless) Headless startup complete (1762 ms)  
2026-04-18 23:43:15 INFO  (ClassSearcher) Class searcher loaded 58 extension points (18 false positives)  
2026-04-18 23:43:16 INFO  (HeadlessAnalyzer) HEADLESS Script Paths:
    /nix/store/qq2mn7zc8f3q04nb4s538ykffqk3qbq4-ghidra-12.0.4/lib/ghidra/Ghidra/Features/Jython/ghidra_scripts
    /nix/store/qq2mn7zc8f3q04nb4s538ykffqk3qbq4-ghidra-12.0.4/lib/ghidra/Ghidra/Processors/PIC/ghidra_scripts
    /nix/store/qq2mn7zc8f3q04nb4s538ykffqk3qbq4-ghidra-12.0.4/lib/ghidra/Ghidra/Processors/Atmel/ghidra_scripts
    /nix/store/qq2mn7zc8f3q04nb4s538ykffqk3qbq4-ghidra-12.0.4/lib/ghidra/Ghidra/Features/SwiftDemangler/ghidra_scripts
    /nix/store/qq2mn7zc8f3q04nb4s538ykffqk3qbq4-ghidra-12.0.4/lib/ghidra/Ghidra/Features/MicrosoftCodeAnalyzer/ghidra_scripts
    /nix/store/qq2mn7zc8f3q04nb4s538ykffqk3qbq4-ghidra-12.0.4/lib/ghidra/Ghidra/Processors/DATA/ghidra_scripts
    /nix/store/qq2mn7zc8f3q04nb4s538ykffqk3qbq4-ghidra-12.0.4/lib/ghidra/Ghidra/Features/GnuDemangler/ghidra_scripts
    /nix/store/qq2mn7zc8f3q04nb4s538ykffqk3qbq4-ghidra-12.0.4/lib/ghidra/Ghidra/Features/SystemEmulation/ghidra_scripts
    /nix/store/qq2mn7zc8f3q04nb4s538ykffqk3qbq4-ghidra-12.0.4/lib/ghidra/Ghidra/Features/WildcardAssembler/ghidra_scripts
    /nix/store/qq2mn7zc8f3q04nb4s538ykffqk3qbq4-ghidra-12.0.4/lib/ghidra/Ghidra/Features/BytePatterns/ghidra_scripts
    /nix/store/qq2mn7zc8f3q04nb4s538ykffqk3qbq4-ghidra-12.0.4/lib/ghidra/Ghidra/Debug/Debugger/ghidra_scripts
    /nix/store/qq2mn7zc8f3q04nb4s538ykffqk3qbq4-ghidra-12.0.4/lib/ghidra/Ghidra/Features/VersionTracking/ghidra_scripts
    /nix/store/qq2mn7zc8f3q04nb4s538ykffqk3qbq4-ghidra-12.0.4/lib/ghidra/Ghidra/Features/Base/ghidra_scripts
    /nix/store/qq2mn7zc8f3q04nb4s538ykffqk3qbq4-ghidra-12.0.4/lib/ghidra/Ghidra/Features/PDB/ghidra_scripts
    /nix/store/qq2mn7zc8f3q04nb4s538ykffqk3qbq4-ghidra-12.0.4/lib/ghidra/Ghidra/Processors/JVM/ghidra_scripts
    /nix/store/qq2mn7zc8f3q04nb4s538ykffqk3qbq4-ghidra-12.0.4/lib/ghidra/Ghidra/Processors/8051/ghidra_scripts
    /home/ty/src/eaw-reverse-engineering/tools/ghidra_scripts
    /nix/store/qq2mn7zc8f3q04nb4s538ykffqk3qbq4-ghidra-12.0.4/lib/ghidra/Ghidra/Features/DecompilerDependent/ghidra_scripts
    /nix/store/qq2mn7zc8f3q04nb4s538ykffqk3qbq4-ghidra-12.0.4/lib/ghidra/Ghidra/Debug/Debugger-rmi-trace/ghidra_scripts
    /nix/store/qq2mn7zc8f3q04nb4s538ykffqk3qbq4-ghidra-12.0.4/lib/ghidra/Ghidra/Features/PyGhidra/ghidra_scripts
    /nix/store/qq2mn7zc8f3q04nb4s538ykffqk3qbq4-ghidra-12.0.4/lib/ghidra/Ghidra/Features/FunctionID/ghidra_scripts
    /nix/store/qq2mn7zc8f3q04nb4s538ykffqk3qbq4-ghidra-12.0.4/lib/ghidra/Ghidra/Features/BSim/ghidra_scripts
    /nix/store/qq2mn7zc8f3q04nb4s538ykffqk3qbq4-ghidra-12.0.4/lib/ghidra/Ghidra/Features/FileFormats/ghidra_scripts
    /nix/store/qq2mn7zc8f3q04nb4s538ykffqk3qbq4-ghidra-12.0.4/lib/ghidra/Ghidra/Features/Decompiler/ghidra_scripts  
2026-04-18 23:43:16 INFO  (HeadlessAnalyzer) HEADLESS: execution starts  
2026-04-18 23:43:16 INFO  (HeadlessAnalyzer) Opening existing project: /tmp/eaw-ghidra/EawProject  
2026-04-18 23:43:16 INFO  (HeadlessProject) Opening project: /tmp/eaw-ghidra/EawProject  
2026-04-18 23:43:16 ERROR (HeadlessAnalyzer) Abort due to Headless analyzer error: ghidra.framework.store.LockException: Unable to lock project! /tmp/eaw-ghidra/EawProject java.io.IOException: ghidra.framework.store.LockException: Unable to lock project! /tmp/eaw-ghidra/EawProject
	at ghidra.app.util.headless.HeadlessAnalyzer.openProject(HeadlessAnalyzer.java:1815)
	at ghidra.app.util.headless.HeadlessAnalyzer.processLocal(HeadlessAnalyzer.java:433)
	at ghidra.app.util.headless.AnalyzeHeadless.launch(AnalyzeHeadless.java:199)
	at ghidra.GhidraLauncher.launch(GhidraLauncher.java:81)
	at ghidra.Ghidra.main(Ghidra.java:54)
Caused by: ghidra.framework.store.LockException: Unable to lock project! /tmp/eaw-ghidra/EawProject
	at ghidra.framework.data.DefaultProjectData.getProjectLock(DefaultProjectData.java:354)
	at ghidra.framework.data.DefaultProjectData.initLock(DefaultProjectData.java:324)
	at ghidra.framework.data.DefaultProjectData.init(DefaultProjectData.java:316)
	at ghidra.framework.data.DefaultProjectData.<init>(DefaultProjectData.java:119)
	at ghidra.framework.project.DefaultProject.<init>(DefaultProject.java:116)
	at ghidra.app.util.headless.HeadlessAnalyzer$HeadlessProject.<init>(HeadlessAnalyzer.java:1856)
	at ghidra.app.util.headless.HeadlessAnalyzer.openProject(HeadlessAnalyzer.java:1809)
	... 4 more
 
2026-04-18 23:43:53 INFO  (AutoAnalysisManager) -----------------------------------------------------
    ASCII Strings                              2.218 secs
    Apply Data Archives                        0.508 secs
    Call Convention ID                         0.419 secs
    Call-Fixup Installer                       0.351 secs
    Create Address Tables                      8.716 secs
    Create Address Tables - One Time           0.189 secs
    Create Function                            0.149 secs
    Data Reference                             7.472 secs
    Decompiler Switch Analysis                69.301 secs
    Demangler Microsoft                        0.072 secs
    Disassemble Entry Points                   1.221 secs
    Embedded Media                             0.146 secs
    External Entry References                  0.000 secs
    Function ID                               15.513 secs
    Function Start Search                      0.447 secs
    Non-Returning Functions - Discovered       9.424 secs
    Non-Returning Functions - Known            0.200 secs
    PDB Universal                              0.013 secs
    Reference                                  7.005 secs
    Scalar Operand References                 12.259 secs
    Shared Return Calls                        4.094 secs
    Stack                                      4.807 secs
    Subroutine References                      3.567 secs
    Windows x86 PE Exception Handling          0.095 secs
    Windows x86 PE RTTI Analyzer               0.000 secs
    Windows x86 Thread Environment Block (TEB) Analyzer     0.000 secs
    WindowsResourceReference                  37.000 secs
    x86 Constant Reference Analyzer           39.544 secs
-----------------------------------------------------
     Total Time   224 secs
-----------------------------------------------------
  
2026-04-18 23:43:53 INFO  (HeadlessAnalyzer) REPORT: Analysis succeeded for file: /StarWarsG.exe  
2026-04-18 23:43:53 INFO  (HeadlessAnalyzer) REPORT: Execute script: ExportFunctions.java   
2026-04-18 23:43:54 INFO  (HeadlessAnalyzer) SCRIPT: /home/ty/src/eaw-reverse-engineering/tools/ghidra_scripts/ExportFunctions.java  
2026-04-18 23:43:54 INFO  (GhidraScript) ExportFunctions.java> Wrote 21938 functions to logs/functions.tsv  
2026-04-18 23:43:54 INFO  (HeadlessAnalyzer) REPORT: Execute script: ExportStrings.java   
2026-04-18 23:43:54 INFO  (HeadlessAnalyzer) SCRIPT: /home/ty/src/eaw-reverse-engineering/tools/ghidra_scripts/ExportStrings.java  
2026-04-18 23:43:55 INFO  (GhidraScript) ExportStrings.java> Wrote 17758 strings to logs/ghidra_strings.tsv  
2026-04-18 23:43:55 INFO  (HeadlessAnalyzer) ANALYZING changes made by post scripts: /StarWarsG.exe  
2026-04-18 23:43:55 INFO  (HeadlessAnalyzer) REPORT: Post-analysis succeeded for file: /StarWarsG.exe  
2026-04-18 23:43:55 INFO  (HeadlessAnalyzer) REPORT: Save succeeded for processed file: /StarWarsG.exe  
