2026-04-19 01:20:21 INFO  (LoggingInitialization) Using log config file: jar:file:/nix/store/qq2mn7zc8f3q04nb4s538ykffqk3qbq4-ghidra-12.0.4/lib/ghidra/Ghidra/Framework/Generic/lib/Generic.jar!/generic.log4j.xml  
2026-04-19 01:20:21 INFO  (LoggingInitialization) Using log file: /home/ty/src/eaw-reverse-engineering/logs/phase3g_ghidra.log  
2026-04-19 01:20:21 INFO  (Preferences) Loading user preferences: /home/ty/.config/ghidra/ghidra_12.0.4_NIX/preferences  
2026-04-19 01:20:21 INFO  (ClassSearcher) Searching for classes...  
2026-04-19 01:20:22 INFO  (ClassSearcher) Class search complete (1059 ms)  
2026-04-19 01:20:23 INFO  (DefaultSSLContextInitializer) Initializing SSL Context  
2026-04-19 01:20:23 INFO  (SecureRandomFactory) Initializing Random Number Generator...  
2026-04-19 01:20:23 INFO  (SecureRandomFactory) Random Number Generator initialization complete: NativePRNGNonBlocking  
2026-04-19 01:20:23 INFO  (DefaultTrustManagerFactory) Trust manager disabled, cacerts have not been set  
2026-04-19 01:20:23 INFO  (AnalyzeHeadless) Headless startup complete (1927 ms)  
2026-04-19 01:20:23 INFO  (ClassSearcher) Class searcher loaded 58 extension points (18 false positives)  
2026-04-19 01:20:23 INFO  (HeadlessAnalyzer) HEADLESS Script Paths:
    /nix/store/qq2mn7zc8f3q04nb4s538ykffqk3qbq4-ghidra-12.0.4/lib/ghidra/Ghidra/Features/Jython/ghidra_scripts
    /nix/store/qq2mn7zc8f3q04nb4s538ykffqk3qbq4-ghidra-12.0.4/lib/ghidra/Ghidra/Processors/PIC/ghidra_scripts
    /nix/store/qq2mn7zc8f3q04nb4s538ykffqk3qbq4-ghidra-12.0.4/lib/ghidra/Ghidra/Processors/Atmel/ghidra_scripts
    /nix/store/qq2mn7zc8f3q04nb4s538ykffqk3qbq4-ghidra-12.0.4/lib/ghidra/Ghidra/Features/SwiftDemangler/ghidra_scripts
    /nix/store/qq2mn7zc8f3q04nb4s538ykffqk3qbq4-ghidra-12.0.4/lib/ghidra/Ghidra/Features/MicrosoftCodeAnalyzer/ghidra_scripts
    /nix/store/qq2mn7zc8f3q04nb4s538ykffqk3qbq4-ghidra-12.0.4/lib/ghidra/Ghidra/Processors/DATA/ghidra_scripts
    /nix/store/qq2mn7zc8f3q04nb4s538ykffqk3qbq4-ghidra-12.0.4/lib/ghidra/Ghidra/Features/GnuDemangler/ghidra_scripts
    /nix/store/qq2mn7zc8f3q04nb4s538ykffqk3qbq4-ghidra-12.0.4/lib/ghidra/Ghidra/Features/SystemEmulation/ghidra_scripts
    /nix/store/qq2mn7zc8f3q04nb4s538ykffqk3qbq4-ghidra-12.0.4/lib/ghidra/Ghidra/Features/WildcardAssembler/ghidra_scripts
    /home/ty/src/eaw-reverse-engineering/tools/ghidra_scripts
    /nix/store/qq2mn7zc8f3q04nb4s538ykffqk3qbq4-ghidra-12.0.4/lib/ghidra/Ghidra/Features/BytePatterns/ghidra_scripts
    /nix/store/qq2mn7zc8f3q04nb4s538ykffqk3qbq4-ghidra-12.0.4/lib/ghidra/Ghidra/Debug/Debugger/ghidra_scripts
    /nix/store/qq2mn7zc8f3q04nb4s538ykffqk3qbq4-ghidra-12.0.4/lib/ghidra/Ghidra/Features/VersionTracking/ghidra_scripts
    /nix/store/qq2mn7zc8f3q04nb4s538ykffqk3qbq4-ghidra-12.0.4/lib/ghidra/Ghidra/Features/Base/ghidra_scripts
    /nix/store/qq2mn7zc8f3q04nb4s538ykffqk3qbq4-ghidra-12.0.4/lib/ghidra/Ghidra/Features/PDB/ghidra_scripts
    /nix/store/qq2mn7zc8f3q04nb4s538ykffqk3qbq4-ghidra-12.0.4/lib/ghidra/Ghidra/Processors/JVM/ghidra_scripts
    /nix/store/qq2mn7zc8f3q04nb4s538ykffqk3qbq4-ghidra-12.0.4/lib/ghidra/Ghidra/Processors/8051/ghidra_scripts
    /nix/store/qq2mn7zc8f3q04nb4s538ykffqk3qbq4-ghidra-12.0.4/lib/ghidra/Ghidra/Features/DecompilerDependent/ghidra_scripts
    /nix/store/qq2mn7zc8f3q04nb4s538ykffqk3qbq4-ghidra-12.0.4/lib/ghidra/Ghidra/Debug/Debugger-rmi-trace/ghidra_scripts
    /nix/store/qq2mn7zc8f3q04nb4s538ykffqk3qbq4-ghidra-12.0.4/lib/ghidra/Ghidra/Features/PyGhidra/ghidra_scripts
    /nix/store/qq2mn7zc8f3q04nb4s538ykffqk3qbq4-ghidra-12.0.4/lib/ghidra/Ghidra/Features/FunctionID/ghidra_scripts
    /nix/store/qq2mn7zc8f3q04nb4s538ykffqk3qbq4-ghidra-12.0.4/lib/ghidra/Ghidra/Features/BSim/ghidra_scripts
    /nix/store/qq2mn7zc8f3q04nb4s538ykffqk3qbq4-ghidra-12.0.4/lib/ghidra/Ghidra/Features/FileFormats/ghidra_scripts
    /nix/store/qq2mn7zc8f3q04nb4s538ykffqk3qbq4-ghidra-12.0.4/lib/ghidra/Ghidra/Features/Decompiler/ghidra_scripts  
2026-04-19 01:20:23 INFO  (HeadlessAnalyzer) HEADLESS: execution starts  
2026-04-19 01:20:23 INFO  (HeadlessAnalyzer) Opening existing project: /home/ty/src/eaw-reverse-engineering/ghidra_projects/EawProject  
2026-04-19 01:20:23 INFO  (HeadlessProject) Opening project: /home/ty/src/eaw-reverse-engineering/ghidra_projects/EawProject  
2026-04-19 01:20:25 INFO  (HeadlessAnalyzer) REPORT: Processing project file: /StarWarsG.exe  
2026-04-19 01:20:25 INFO  (HeadlessAnalyzer) ANALYZING all memory and code: /StarWarsG.exe  
2026-04-19 01:20:25 WARN  (NoReturnFunctionAnalyzer) Ignoring leading '_' chars on no-return name '___raise_securityfailure' specified in file: /nix/store/qq2mn7zc8f3q04nb4s538ykffqk3qbq4-ghidra-12.0.4/lib/ghidra/Ghidra/Features/Base/data/PEFunctionsThatDoNotReturn  
2026-04-19 01:20:25 WARN  (NoReturnFunctionAnalyzer) Ignoring leading '_' chars on no-return name '___report_rangecheckfailure' specified in file: /nix/store/qq2mn7zc8f3q04nb4s538ykffqk3qbq4-ghidra-12.0.4/lib/ghidra/Ghidra/Features/Base/data/PEFunctionsThatDoNotReturn  
2026-04-19 01:20:25 DEBUG (SymbolServerService) SymbolServerService: querying Program's Import Location - /home/ty/src/eaw-reverse-engineering/binaries/original for StarWarsG.pdb, 65c2a900-75fc-42e9-93e3-15a5e99c35fb, 1, 0, ???  
2026-04-19 01:20:25 DEBUG (SymbolServerService) SymbolServerService: got 0 results from Program's Import Location - /home/ty/src/eaw-reverse-engineering/binaries/original  
2026-04-19 01:20:25 DEBUG (SymbolServerService) SymbolServerService: found 0 matches  
2026-04-19 01:20:25 INFO  (PdbUniversalAnalyzer) Skipping PDB processing: failed to locate PDB file in configured locations  
2026-04-19 01:20:25 INFO  (PdbUniversalAnalyzer) Use a script to set the PDB file location. I.e.,
    PdbAnalyzer.setPdbFileOption(currentProgram, new File("/path/to/pdb/file.pdb")); or
    PdbUniversalAnalyzer.setPdbFileOption(currentProgram, new File("/path/to/pdb/file.pdb"));
Or set the symbol server search configuration using:    PdbPlugin.saveSymbolServerServiceConfig(...);
 This must be done using a pre-script (prior to analysis).  
2026-04-19 01:23:19 INFO  (PackedDatabaseCache) Packed database cache: /home/ty/.cache/ghidra/packed-db-cache  
2026-04-19 01:23:19 DEBUG (PackedDatabaseCache) Using cached packed database: /nix/store/qq2mn7zc8f3q04nb4s538ykffqk3qbq4-ghidra-12.0.4/lib/ghidra/Ghidra/Features/Base/data/typeinfo/win32/windows_vs12_64.gdt  
2026-04-19 01:23:19 INFO  (ApplyDataArchiveAnalyzer) Applied data type archive: windows_vs12_64  
2026-04-19 01:24:15 INFO  (AutoAnalysisManager) -----------------------------------------------------
    ASCII Strings                              2.442 secs
    Apply Data Archives                        0.486 secs
    Call Convention ID                         0.416 secs
    Call-Fixup Installer                       0.132 secs
    Create Address Tables                      9.971 secs
    Create Function                            0.000 secs
    Data Reference                             7.358 secs
    Decompiler Switch Analysis                68.683 secs
    Demangler Microsoft                        0.073 secs
    Disassemble Entry Points                   1.409 secs
    Embedded Media                             0.110 secs
    External Entry References                  0.000 secs
    Function ID                               16.085 secs
    Function Start Search                      0.521 secs
    Non-Returning Functions - Discovered       9.393 secs
    Non-Returning Functions - Known            0.189 secs
    PDB Universal                              0.014 secs
    Reference                                  7.662 secs
    Scalar Operand References                 13.069 secs
    Shared Return Calls                        4.145 secs
    Stack                                      5.389 secs
    Subroutine References                      3.627 secs
    Windows x86 PE Exception Handling          0.071 secs
    Windows x86 PE RTTI Analyzer               0.000 secs
    Windows x86 Thread Environment Block (TEB) Analyzer     0.000 secs
    WindowsResourceReference                  37.153 secs
    x86 Constant Reference Analyzer           41.459 secs
-----------------------------------------------------
     Total Time   229 secs
-----------------------------------------------------
  
2026-04-19 01:24:15 INFO  (HeadlessAnalyzer) REPORT: Analysis succeeded for file: /StarWarsG.exe  
2026-04-19 01:24:15 INFO  (HeadlessAnalyzer) REPORT: Execute script: Phase3gSimTick.java   
2026-04-19 01:24:16 INFO  (HeadlessAnalyzer) SCRIPT: /home/ty/src/eaw-reverse-engineering/tools/ghidra_scripts/Phase3gSimTick.java  
2026-04-19 01:24:16 INFO  (GhidraScript) Phase3gSimTick.java> Phase 3g output written to logs/phase3g_sim_tick.c  
2026-04-19 01:24:16 INFO  (HeadlessAnalyzer) ANALYZING changes made by post scripts: /StarWarsG.exe  
2026-04-19 01:24:16 INFO  (HeadlessAnalyzer) REPORT: Post-analysis succeeded for file: /StarWarsG.exe  
2026-04-19 01:24:16 INFO  (HeadlessAnalyzer) REPORT: Save succeeded for processed file: /StarWarsG.exe  
