2026-04-19 01:25:46 INFO  (LoggingInitialization) Using log config file: jar:file:/nix/store/qq2mn7zc8f3q04nb4s538ykffqk3qbq4-ghidra-12.0.4/lib/ghidra/Ghidra/Framework/Generic/lib/Generic.jar!/generic.log4j.xml  
2026-04-19 01:25:46 INFO  (LoggingInitialization) Using log file: /home/ty/src/eaw-reverse-engineering/logs/phase3h_ghidra.log  
2026-04-19 01:25:46 INFO  (Preferences) Loading user preferences: /home/ty/.config/ghidra/ghidra_12.0.4_NIX/preferences  
2026-04-19 01:25:46 INFO  (ClassSearcher) Searching for classes...  
2026-04-19 01:25:47 INFO  (ClassSearcher) Class search complete (1162 ms)  
2026-04-19 01:25:47 INFO  (DefaultSSLContextInitializer) Initializing SSL Context  
2026-04-19 01:25:47 INFO  (SecureRandomFactory) Initializing Random Number Generator...  
2026-04-19 01:25:47 INFO  (SecureRandomFactory) Random Number Generator initialization complete: NativePRNGNonBlocking  
2026-04-19 01:25:47 INFO  (DefaultTrustManagerFactory) Trust manager disabled, cacerts have not been set  
2026-04-19 01:25:48 INFO  (AnalyzeHeadless) Headless startup complete (1983 ms)  
2026-04-19 01:25:48 INFO  (ClassSearcher) Class searcher loaded 58 extension points (18 false positives)  
2026-04-19 01:25:48 INFO  (HeadlessAnalyzer) HEADLESS Script Paths:
    /nix/store/qq2mn7zc8f3q04nb4s538ykffqk3qbq4-ghidra-12.0.4/lib/ghidra/Ghidra/Features/Jython/ghidra_scripts
    /nix/store/qq2mn7zc8f3q04nb4s538ykffqk3qbq4-ghidra-12.0.4/lib/ghidra/Ghidra/Processors/PIC/ghidra_scripts
    /nix/store/qq2mn7zc8f3q04nb4s538ykffqk3qbq4-ghidra-12.0.4/lib/ghidra/Ghidra/Processors/Atmel/ghidra_scripts
    /nix/store/qq2mn7zc8f3q04nb4s538ykffqk3qbq4-ghidra-12.0.4/lib/ghidra/Ghidra/Features/SwiftDemangler/ghidra_scripts
    /nix/store/qq2mn7zc8f3q04nb4s538ykffqk3qbq4-ghidra-12.0.4/lib/ghidra/Ghidra/Features/MicrosoftCodeAnalyzer/ghidra_scripts
    /nix/store/qq2mn7zc8f3q04nb4s538ykffqk3qbq4-ghidra-12.0.4/lib/ghidra/Ghidra/Processors/DATA/ghidra_scripts
    /nix/store/qq2mn7zc8f3q04nb4s538ykffqk3qbq4-ghidra-12.0.4/lib/ghidra/Ghidra/Features/GnuDemangler/ghidra_scripts
    /nix/store/qq2mn7zc8f3q04nb4s538ykffqk3qbq4-ghidra-12.0.4/lib/ghidra/Ghidra/Features/SystemEmulation/ghidra_scripts
    /nix/store/qq2mn7zc8f3q04nb4s538ykffqk3qbq4-ghidra-12.0.4/lib/ghidra/Ghidra/Features/WildcardAssembler/ghidra_scripts
    /home/ty/src/eaw-reverse-engineering/tools/ghidra_scripts
    /nix/store/qq2mn7zc8f3q04nb4s538ykffqk3qbq4-ghidra-12.0.4/lib/ghidra/Ghidra/Features/BytePatterns/ghidra_scripts
    /nix/store/qq2mn7zc8f3q04nb4s538ykffqk3qbq4-ghidra-12.0.4/lib/ghidra/Ghidra/Debug/Debugger/ghidra_scripts
    /nix/store/qq2mn7zc8f3q04nb4s538ykffqk3qbq4-ghidra-12.0.4/lib/ghidra/Ghidra/Features/VersionTracking/ghidra_scripts
    /nix/store/qq2mn7zc8f3q04nb4s538ykffqk3qbq4-ghidra-12.0.4/lib/ghidra/Ghidra/Features/Base/ghidra_scripts
    /nix/store/qq2mn7zc8f3q04nb4s538ykffqk3qbq4-ghidra-12.0.4/lib/ghidra/Ghidra/Features/PDB/ghidra_scripts
    /nix/store/qq2mn7zc8f3q04nb4s538ykffqk3qbq4-ghidra-12.0.4/lib/ghidra/Ghidra/Processors/JVM/ghidra_scripts
    /nix/store/qq2mn7zc8f3q04nb4s538ykffqk3qbq4-ghidra-12.0.4/lib/ghidra/Ghidra/Processors/8051/ghidra_scripts
    /nix/store/qq2mn7zc8f3q04nb4s538ykffqk3qbq4-ghidra-12.0.4/lib/ghidra/Ghidra/Features/DecompilerDependent/ghidra_scripts
    /nix/store/qq2mn7zc8f3q04nb4s538ykffqk3qbq4-ghidra-12.0.4/lib/ghidra/Ghidra/Debug/Debugger-rmi-trace/ghidra_scripts
    /nix/store/qq2mn7zc8f3q04nb4s538ykffqk3qbq4-ghidra-12.0.4/lib/ghidra/Ghidra/Features/PyGhidra/ghidra_scripts
    /nix/store/qq2mn7zc8f3q04nb4s538ykffqk3qbq4-ghidra-12.0.4/lib/ghidra/Ghidra/Features/FunctionID/ghidra_scripts
    /nix/store/qq2mn7zc8f3q04nb4s538ykffqk3qbq4-ghidra-12.0.4/lib/ghidra/Ghidra/Features/BSim/ghidra_scripts
    /nix/store/qq2mn7zc8f3q04nb4s538ykffqk3qbq4-ghidra-12.0.4/lib/ghidra/Ghidra/Features/FileFormats/ghidra_scripts
    /nix/store/qq2mn7zc8f3q04nb4s538ykffqk3qbq4-ghidra-12.0.4/lib/ghidra/Ghidra/Features/Decompiler/ghidra_scripts  
2026-04-19 01:25:48 INFO  (HeadlessAnalyzer) HEADLESS: execution starts  
2026-04-19 01:25:48 INFO  (HeadlessAnalyzer) Opening existing project: /home/ty/src/eaw-reverse-engineering/ghidra_projects/EawProject  
2026-04-19 01:25:48 INFO  (HeadlessProject) Opening project: /home/ty/src/eaw-reverse-engineering/ghidra_projects/EawProject  
2026-04-19 01:25:49 INFO  (HeadlessAnalyzer) REPORT: Processing project file: /StarWarsG.exe  
2026-04-19 01:25:49 INFO  (HeadlessAnalyzer) ANALYZING all memory and code: /StarWarsG.exe  
2026-04-19 01:25:49 WARN  (NoReturnFunctionAnalyzer) Ignoring leading '_' chars on no-return name '___raise_securityfailure' specified in file: /nix/store/qq2mn7zc8f3q04nb4s538ykffqk3qbq4-ghidra-12.0.4/lib/ghidra/Ghidra/Features/Base/data/PEFunctionsThatDoNotReturn  
2026-04-19 01:25:49 WARN  (NoReturnFunctionAnalyzer) Ignoring leading '_' chars on no-return name '___report_rangecheckfailure' specified in file: /nix/store/qq2mn7zc8f3q04nb4s538ykffqk3qbq4-ghidra-12.0.4/lib/ghidra/Ghidra/Features/Base/data/PEFunctionsThatDoNotReturn  
2026-04-19 01:25:50 DEBUG (SymbolServerService) SymbolServerService: querying Program's Import Location - /home/ty/src/eaw-reverse-engineering/binaries/original for StarWarsG.pdb, 65c2a900-75fc-42e9-93e3-15a5e99c35fb, 1, 0, ???  
2026-04-19 01:25:50 DEBUG (SymbolServerService) SymbolServerService: got 0 results from Program's Import Location - /home/ty/src/eaw-reverse-engineering/binaries/original  
2026-04-19 01:25:50 DEBUG (SymbolServerService) SymbolServerService: found 0 matches  
2026-04-19 01:25:50 INFO  (PdbUniversalAnalyzer) Skipping PDB processing: failed to locate PDB file in configured locations  
2026-04-19 01:25:50 INFO  (PdbUniversalAnalyzer) Use a script to set the PDB file location. I.e.,
    PdbAnalyzer.setPdbFileOption(currentProgram, new File("/path/to/pdb/file.pdb")); or
    PdbUniversalAnalyzer.setPdbFileOption(currentProgram, new File("/path/to/pdb/file.pdb"));
Or set the symbol server search configuration using:    PdbPlugin.saveSymbolServerServiceConfig(...);
 This must be done using a pre-script (prior to analysis).  
2026-04-19 01:28:42 INFO  (PackedDatabaseCache) Packed database cache: /home/ty/.cache/ghidra/packed-db-cache  
2026-04-19 01:28:42 DEBUG (PackedDatabaseCache) Using cached packed database: /nix/store/qq2mn7zc8f3q04nb4s538ykffqk3qbq4-ghidra-12.0.4/lib/ghidra/Ghidra/Features/Base/data/typeinfo/win32/windows_vs12_64.gdt  
2026-04-19 01:28:43 INFO  (ApplyDataArchiveAnalyzer) Applied data type archive: windows_vs12_64  
2026-04-19 01:29:38 INFO  (AutoAnalysisManager) -----------------------------------------------------
    ASCII Strings                              2.291 secs
    Apply Data Archives                        0.557 secs
    Call Convention ID                         0.478 secs
    Call-Fixup Installer                       0.145 secs
    Create Address Tables                      9.800 secs
    Create Function                            0.000 secs
    Data Reference                             7.752 secs
    Decompiler Switch Analysis                69.226 secs
    Demangler Microsoft                        0.075 secs
    Disassemble Entry Points                   1.478 secs
    Embedded Media                             0.125 secs
    External Entry References                  0.000 secs
    Function ID                               16.455 secs
    Function Start Search                      0.477 secs
    Non-Returning Functions - Discovered       9.469 secs
    Non-Returning Functions - Known            0.202 secs
    PDB Universal                              0.017 secs
    Reference                                  7.126 secs
    Scalar Operand References                 12.576 secs
    Shared Return Calls                        3.926 secs
    Stack                                      5.215 secs
    Subroutine References                      3.719 secs
    Windows x86 PE Exception Handling          0.072 secs
    Windows x86 PE RTTI Analyzer               0.000 secs
    Windows x86 Thread Environment Block (TEB) Analyzer     0.000 secs
    WindowsResourceReference                  37.235 secs
    x86 Constant Reference Analyzer           39.731 secs
-----------------------------------------------------
     Total Time   228 secs
-----------------------------------------------------
  
2026-04-19 01:29:38 INFO  (HeadlessAnalyzer) REPORT: Analysis succeeded for file: /StarWarsG.exe  
2026-04-19 01:29:38 INFO  (HeadlessAnalyzer) REPORT: Execute script: Phase3hBaseMode.java   
2026-04-19 01:29:39 INFO  (HeadlessAnalyzer) SCRIPT: /home/ty/src/eaw-reverse-engineering/tools/ghidra_scripts/Phase3hBaseMode.java  
2026-04-19 01:29:39 INFO  (GhidraScript) Phase3hBaseMode.java> Phase 3h output written to logs/phase3h_base_mode.c  
2026-04-19 01:29:39 INFO  (HeadlessAnalyzer) ANALYZING changes made by post scripts: /StarWarsG.exe  
2026-04-19 01:29:39 INFO  (HeadlessAnalyzer) REPORT: Post-analysis succeeded for file: /StarWarsG.exe  
2026-04-19 01:29:39 INFO  (HeadlessAnalyzer) REPORT: Save succeeded for processed file: /StarWarsG.exe  
