2026-04-19 01:04:01 INFO  (LoggingInitialization) Using log config file: jar:file:/nix/store/qq2mn7zc8f3q04nb4s538ykffqk3qbq4-ghidra-12.0.4/lib/ghidra/Ghidra/Framework/Generic/lib/Generic.jar!/generic.log4j.xml  
2026-04-19 01:04:01 INFO  (LoggingInitialization) Using log file: logs/phase3e_ghidra.log  
2026-04-19 01:04:01 INFO  (Preferences) Loading user preferences: /home/ty/.config/ghidra/ghidra_12.0.4_NIX/preferences  
2026-04-19 01:04:01 INFO  (ClassSearcher) Searching for classes...  
2026-04-19 01:04:02 INFO  (ClassSearcher) Class search complete (1239 ms)  
2026-04-19 01:04:03 INFO  (DefaultSSLContextInitializer) Initializing SSL Context  
2026-04-19 01:04:03 INFO  (SecureRandomFactory) Initializing Random Number Generator...  
2026-04-19 01:04:03 INFO  (SecureRandomFactory) Random Number Generator initialization complete: NativePRNGNonBlocking  
2026-04-19 01:04:03 INFO  (DefaultTrustManagerFactory) Trust manager disabled, cacerts have not been set  
2026-04-19 01:04:03 INFO  (AnalyzeHeadless) Headless startup complete (2047 ms)  
2026-04-19 01:04:03 INFO  (ClassSearcher) Class searcher loaded 58 extension points (18 false positives)  
2026-04-19 01:04:03 INFO  (HeadlessAnalyzer) HEADLESS Script Paths:
    /nix/store/qq2mn7zc8f3q04nb4s538ykffqk3qbq4-ghidra-12.0.4/lib/ghidra/Ghidra/Features/Jython/ghidra_scripts
    /nix/store/qq2mn7zc8f3q04nb4s538ykffqk3qbq4-ghidra-12.0.4/lib/ghidra/Ghidra/Processors/PIC/ghidra_scripts
    /nix/store/qq2mn7zc8f3q04nb4s538ykffqk3qbq4-ghidra-12.0.4/lib/ghidra/Ghidra/Processors/Atmel/ghidra_scripts
    /nix/store/qq2mn7zc8f3q04nb4s538ykffqk3qbq4-ghidra-12.0.4/lib/ghidra/Ghidra/Features/SwiftDemangler/ghidra_scripts
    /nix/store/qq2mn7zc8f3q04nb4s538ykffqk3qbq4-ghidra-12.0.4/lib/ghidra/Ghidra/Features/MicrosoftCodeAnalyzer/ghidra_scripts
    /nix/store/qq2mn7zc8f3q04nb4s538ykffqk3qbq4-ghidra-12.0.4/lib/ghidra/Ghidra/Processors/DATA/ghidra_scripts
    /nix/store/qq2mn7zc8f3q04nb4s538ykffqk3qbq4-ghidra-12.0.4/lib/ghidra/Ghidra/Features/GnuDemangler/ghidra_scripts
    /nix/store/qq2mn7zc8f3q04nb4s538ykffqk3qbq4-ghidra-12.0.4/lib/ghidra/Ghidra/Features/SystemEmulation/ghidra_scripts
    /nix/store/qq2mn7zc8f3q04nb4s538ykffqk3qbq4-ghidra-12.0.4/lib/ghidra/Ghidra/Features/WildcardAssembler/ghidra_scripts
    /nix/store/qq2mn7zc8f3q04nb4s538ykffqk3qbq4-ghidra-12.0.4/lib/ghidra/Ghidra/Features/BytePatterns/ghidra_scripts
    /nix/store/qq2mn7zc8f3q04nb4s538ykffqk3qbq4-ghidra-12.0.4/lib/ghidra/Ghidra/Debug/Debugger/ghidra_scripts
    /nix/store/qq2mn7zc8f3q04nb4s538ykffqk3qbq4-ghidra-12.0.4/lib/ghidra/Ghidra/Features/VersionTracking/ghidra_scripts
    /nix/store/qq2mn7zc8f3q04nb4s538ykffqk3qbq4-ghidra-12.0.4/lib/ghidra/Ghidra/Features/Base/ghidra_scripts
    /nix/store/qq2mn7zc8f3q04nb4s538ykffqk3qbq4-ghidra-12.0.4/lib/ghidra/Ghidra/Features/PDB/ghidra_scripts
    /nix/store/qq2mn7zc8f3q04nb4s538ykffqk3qbq4-ghidra-12.0.4/lib/ghidra/Ghidra/Processors/JVM/ghidra_scripts
    /nix/store/qq2mn7zc8f3q04nb4s538ykffqk3qbq4-ghidra-12.0.4/lib/ghidra/Ghidra/Processors/8051/ghidra_scripts
    /home/ty/src/eaw-reverse-engineering/tools/ghidra_scripts
    /nix/store/qq2mn7zc8f3q04nb4s538ykffqk3qbq4-ghidra-12.0.4/lib/ghidra/Ghidra/Features/DecompilerDependent/ghidra_scripts
    /nix/store/qq2mn7zc8f3q04nb4s538ykffqk3qbq4-ghidra-12.0.4/lib/ghidra/Ghidra/Debug/Debugger-rmi-trace/ghidra_scripts
    /nix/store/qq2mn7zc8f3q04nb4s538ykffqk3qbq4-ghidra-12.0.4/lib/ghidra/Ghidra/Features/PyGhidra/ghidra_scripts
    /nix/store/qq2mn7zc8f3q04nb4s538ykffqk3qbq4-ghidra-12.0.4/lib/ghidra/Ghidra/Features/FunctionID/ghidra_scripts
    /nix/store/qq2mn7zc8f3q04nb4s538ykffqk3qbq4-ghidra-12.0.4/lib/ghidra/Ghidra/Features/BSim/ghidra_scripts
    /nix/store/qq2mn7zc8f3q04nb4s538ykffqk3qbq4-ghidra-12.0.4/lib/ghidra/Ghidra/Features/FileFormats/ghidra_scripts
    /nix/store/qq2mn7zc8f3q04nb4s538ykffqk3qbq4-ghidra-12.0.4/lib/ghidra/Ghidra/Features/Decompiler/ghidra_scripts  
2026-04-19 01:04:03 INFO  (HeadlessAnalyzer) HEADLESS: execution starts  
2026-04-19 01:04:03 ERROR (HeadlessAnalyzer) Could not find project: /home/ty/ghidra_projects/EaW -- should already exist in -process mode.  
2026-04-19 01:04:03 ERROR (HeadlessAnalyzer) Abort due to Headless analyzer error: Could not find project: /home/ty/ghidra_projects/EaW java.io.IOException: Could not find project: /home/ty/ghidra_projects/EaW
	at ghidra.app.util.headless.HeadlessAnalyzer.processLocal(HeadlessAnalyzer.java:439)
	at ghidra.app.util.headless.AnalyzeHeadless.launch(AnalyzeHeadless.java:199)
	at ghidra.GhidraLauncher.launch(GhidraLauncher.java:81)
	at ghidra.Ghidra.main(Ghidra.java:54)
 
2026-04-19 01:05:05 INFO  (LoggingInitialization) Using log config file: jar:file:/nix/store/qq2mn7zc8f3q04nb4s538ykffqk3qbq4-ghidra-12.0.4/lib/ghidra/Ghidra/Framework/Generic/lib/Generic.jar!/generic.log4j.xml  
2026-04-19 01:05:05 INFO  (LoggingInitialization) Using log file: /home/ty/src/eaw-reverse-engineering/logs/phase3e_ghidra.log  
2026-04-19 01:05:05 INFO  (Preferences) Loading user preferences: /home/ty/.config/ghidra/ghidra_12.0.4_NIX/preferences  
2026-04-19 01:05:05 INFO  (ClassSearcher) Searching for classes...  
2026-04-19 01:05:06 INFO  (ClassSearcher) Class search complete (1129 ms)  
2026-04-19 01:05:06 INFO  (DefaultSSLContextInitializer) Initializing SSL Context  
2026-04-19 01:05:06 INFO  (SecureRandomFactory) Initializing Random Number Generator...  
2026-04-19 01:05:06 INFO  (SecureRandomFactory) Random Number Generator initialization complete: NativePRNGNonBlocking  
2026-04-19 01:05:06 INFO  (DefaultTrustManagerFactory) Trust manager disabled, cacerts have not been set  
2026-04-19 01:05:06 INFO  (AnalyzeHeadless) Headless startup complete (1949 ms)  
2026-04-19 01:05:06 INFO  (ClassSearcher) Class searcher loaded 58 extension points (18 false positives)  
2026-04-19 01:05:07 INFO  (HeadlessAnalyzer) HEADLESS Script Paths:
    /nix/store/qq2mn7zc8f3q04nb4s538ykffqk3qbq4-ghidra-12.0.4/lib/ghidra/Ghidra/Features/Jython/ghidra_scripts
    /nix/store/qq2mn7zc8f3q04nb4s538ykffqk3qbq4-ghidra-12.0.4/lib/ghidra/Ghidra/Processors/PIC/ghidra_scripts
    /nix/store/qq2mn7zc8f3q04nb4s538ykffqk3qbq4-ghidra-12.0.4/lib/ghidra/Ghidra/Processors/Atmel/ghidra_scripts
    /nix/store/qq2mn7zc8f3q04nb4s538ykffqk3qbq4-ghidra-12.0.4/lib/ghidra/Ghidra/Features/SwiftDemangler/ghidra_scripts
    /nix/store/qq2mn7zc8f3q04nb4s538ykffqk3qbq4-ghidra-12.0.4/lib/ghidra/Ghidra/Features/MicrosoftCodeAnalyzer/ghidra_scripts
    /nix/store/qq2mn7zc8f3q04nb4s538ykffqk3qbq4-ghidra-12.0.4/lib/ghidra/Ghidra/Processors/DATA/ghidra_scripts
    /nix/store/qq2mn7zc8f3q04nb4s538ykffqk3qbq4-ghidra-12.0.4/lib/ghidra/Ghidra/Features/GnuDemangler/ghidra_scripts
    /nix/store/qq2mn7zc8f3q04nb4s538ykffqk3qbq4-ghidra-12.0.4/lib/ghidra/Ghidra/Features/SystemEmulation/ghidra_scripts
    /nix/store/qq2mn7zc8f3q04nb4s538ykffqk3qbq4-ghidra-12.0.4/lib/ghidra/Ghidra/Features/WildcardAssembler/ghidra_scripts
    /home/ty/src/eaw-reverse-engineering/tools/ghidra_scripts
    /nix/store/qq2mn7zc8f3q04nb4s538ykffqk3qbq4-ghidra-12.0.4/lib/ghidra/Ghidra/Features/BytePatterns/ghidra_scripts
    /nix/store/qq2mn7zc8f3q04nb4s538ykffqk3qbq4-ghidra-12.0.4/lib/ghidra/Ghidra/Debug/Debugger/ghidra_scripts
    /nix/store/qq2mn7zc8f3q04nb4s538ykffqk3qbq4-ghidra-12.0.4/lib/ghidra/Ghidra/Features/VersionTracking/ghidra_scripts
    /nix/store/qq2mn7zc8f3q04nb4s538ykffqk3qbq4-ghidra-12.0.4/lib/ghidra/Ghidra/Features/Base/ghidra_scripts
    /nix/store/qq2mn7zc8f3q04nb4s538ykffqk3qbq4-ghidra-12.0.4/lib/ghidra/Ghidra/Features/PDB/ghidra_scripts
    /nix/store/qq2mn7zc8f3q04nb4s538ykffqk3qbq4-ghidra-12.0.4/lib/ghidra/Ghidra/Processors/JVM/ghidra_scripts
    /nix/store/qq2mn7zc8f3q04nb4s538ykffqk3qbq4-ghidra-12.0.4/lib/ghidra/Ghidra/Processors/8051/ghidra_scripts
    /nix/store/qq2mn7zc8f3q04nb4s538ykffqk3qbq4-ghidra-12.0.4/lib/ghidra/Ghidra/Features/DecompilerDependent/ghidra_scripts
    /nix/store/qq2mn7zc8f3q04nb4s538ykffqk3qbq4-ghidra-12.0.4/lib/ghidra/Ghidra/Debug/Debugger-rmi-trace/ghidra_scripts
    /nix/store/qq2mn7zc8f3q04nb4s538ykffqk3qbq4-ghidra-12.0.4/lib/ghidra/Ghidra/Features/PyGhidra/ghidra_scripts
    /nix/store/qq2mn7zc8f3q04nb4s538ykffqk3qbq4-ghidra-12.0.4/lib/ghidra/Ghidra/Features/FunctionID/ghidra_scripts
    /nix/store/qq2mn7zc8f3q04nb4s538ykffqk3qbq4-ghidra-12.0.4/lib/ghidra/Ghidra/Features/BSim/ghidra_scripts
    /nix/store/qq2mn7zc8f3q04nb4s538ykffqk3qbq4-ghidra-12.0.4/lib/ghidra/Ghidra/Features/FileFormats/ghidra_scripts
    /nix/store/qq2mn7zc8f3q04nb4s538ykffqk3qbq4-ghidra-12.0.4/lib/ghidra/Ghidra/Features/Decompiler/ghidra_scripts  
2026-04-19 01:05:07 INFO  (HeadlessAnalyzer) HEADLESS: execution starts  
2026-04-19 01:05:07 INFO  (HeadlessAnalyzer) Opening existing project: /home/ty/src/eaw-reverse-engineering/ghidra_projects/EawProject  
2026-04-19 01:05:07 INFO  (HeadlessProject) Opening project: /home/ty/src/eaw-reverse-engineering/ghidra_projects/EawProject  
2026-04-19 01:05:08 INFO  (HeadlessAnalyzer) REPORT: Processing project file: /StarWarsG.exe  
2026-04-19 01:05:08 INFO  (HeadlessAnalyzer) ANALYZING all memory and code: /StarWarsG.exe  
2026-04-19 01:05:08 WARN  (NoReturnFunctionAnalyzer) Ignoring leading '_' chars on no-return name '___raise_securityfailure' specified in file: /nix/store/qq2mn7zc8f3q04nb4s538ykffqk3qbq4-ghidra-12.0.4/lib/ghidra/Ghidra/Features/Base/data/PEFunctionsThatDoNotReturn  
2026-04-19 01:05:08 WARN  (NoReturnFunctionAnalyzer) Ignoring leading '_' chars on no-return name '___report_rangecheckfailure' specified in file: /nix/store/qq2mn7zc8f3q04nb4s538ykffqk3qbq4-ghidra-12.0.4/lib/ghidra/Ghidra/Features/Base/data/PEFunctionsThatDoNotReturn  
2026-04-19 01:05:08 DEBUG (SymbolServerService) SymbolServerService: querying Program's Import Location - /home/ty/src/eaw-reverse-engineering/binaries/original for StarWarsG.pdb, 65c2a900-75fc-42e9-93e3-15a5e99c35fb, 1, 0, ???  
2026-04-19 01:05:08 DEBUG (SymbolServerService) SymbolServerService: got 0 results from Program's Import Location - /home/ty/src/eaw-reverse-engineering/binaries/original  
2026-04-19 01:05:08 DEBUG (SymbolServerService) SymbolServerService: found 0 matches  
2026-04-19 01:05:08 INFO  (PdbUniversalAnalyzer) Skipping PDB processing: failed to locate PDB file in configured locations  
2026-04-19 01:05:08 INFO  (PdbUniversalAnalyzer) Use a script to set the PDB file location. I.e.,
    PdbAnalyzer.setPdbFileOption(currentProgram, new File("/path/to/pdb/file.pdb")); or
    PdbUniversalAnalyzer.setPdbFileOption(currentProgram, new File("/path/to/pdb/file.pdb"));
Or set the symbol server search configuration using:    PdbPlugin.saveSymbolServerServiceConfig(...);
 This must be done using a pre-script (prior to analysis).  
2026-04-19 01:07:58 INFO  (PackedDatabaseCache) Packed database cache: /home/ty/.cache/ghidra/packed-db-cache  
2026-04-19 01:07:58 DEBUG (PackedDatabaseCache) Using cached packed database: /nix/store/qq2mn7zc8f3q04nb4s538ykffqk3qbq4-ghidra-12.0.4/lib/ghidra/Ghidra/Features/Base/data/typeinfo/win32/windows_vs12_64.gdt  
2026-04-19 01:07:59 INFO  (ApplyDataArchiveAnalyzer) Applied data type archive: windows_vs12_64  
2026-04-19 01:08:54 INFO  (AutoAnalysisManager) -----------------------------------------------------
    ASCII Strings                              2.683 secs
    Apply Data Archives                        0.506 secs
    Call Convention ID                         0.440 secs
    Call-Fixup Installer                       0.348 secs
    Create Address Tables                      9.816 secs
    Create Address Tables - One Time           0.164 secs
    Create Function                            0.133 secs
    Data Reference                             7.634 secs
    Decompiler Switch Analysis                67.166 secs
    Demangler Microsoft                        0.075 secs
    Disassemble Entry Points                   1.359 secs
    Embedded Media                             0.174 secs
    External Entry References                  0.000 secs
    Function ID                               16.381 secs
    Function Start Search                      0.488 secs
    Non-Returning Functions - Discovered       9.489 secs
    Non-Returning Functions - Known            0.190 secs
    PDB Universal                              0.012 secs
    Reference                                  7.666 secs
    Scalar Operand References                 12.333 secs
    Shared Return Calls                        3.944 secs
    Stack                                      5.278 secs
    Subroutine References                      3.588 secs
    Windows x86 PE Exception Handling          0.065 secs
    Windows x86 PE RTTI Analyzer               0.000 secs
    Windows x86 Thread Environment Block (TEB) Analyzer     0.000 secs
    WindowsResourceReference                  36.932 secs
    x86 Constant Reference Analyzer           38.928 secs
-----------------------------------------------------
     Total Time   225 secs
-----------------------------------------------------
  
2026-04-19 01:08:54 INFO  (HeadlessAnalyzer) REPORT: Analysis succeeded for file: /StarWarsG.exe  
2026-04-19 01:08:54 INFO  (HeadlessAnalyzer) REPORT: Execute script: Phase3eTickInit.java   
2026-04-19 01:08:55 INFO  (HeadlessAnalyzer) SCRIPT: /home/ty/src/eaw-reverse-engineering/tools/ghidra_scripts/Phase3eTickInit.java  
2026-04-19 01:08:55 INFO  (GhidraScript) Phase3eTickInit.java> Phase 3e output written to logs/phase3e_tick_init.c  
2026-04-19 01:08:55 INFO  (HeadlessAnalyzer) ANALYZING changes made by post scripts: /StarWarsG.exe  
2026-04-19 01:08:55 INFO  (HeadlessAnalyzer) REPORT: Post-analysis succeeded for file: /StarWarsG.exe  
2026-04-19 01:08:56 INFO  (HeadlessAnalyzer) REPORT: Save succeeded for processed file: /StarWarsG.exe  
